<?xml version="1.0" encoding="UTF-8"?>
<beans xmlns="http://www.springframework.org/schema/beans"
       xmlns:xsi="http://www.w3.org/2001/XMLSchema-instance"
       xsi:schemaLocation="http://www.springframework.org/schema/beans http://www.springframework.org/schema/beans/spring-beans.xsd">

    <bean name="mockMyService" class="org.mockito.Mockito" factory-method="mock" >
        <constructor-arg value="play.remotemock.MyService" />
    </bean>

    <bean class="org.springframework.remoting.rmi.RmiServiceExporter">
        <property name="serviceName" value="MyService"/>
        <property name="service" ref="mockMyService"/>
        <property name="serviceInterface" value="play.remotemock.MyService"/>
        <property name="registryPort" value="1199"/>
    </bean>

    <bean id="myService.remote" class="org.springframework.remoting.rmi.RmiProxyFactoryBean">
        <property name="serviceUrl" value="rmi://localhost:1299/MyServiceRemote"/>
        <property name="serviceInterface" value="play.remotemock.mock.Remotable"/>
    </bean>
    
</beans>