<?xml version="1.0" encoding="UTF-8"?>
<beans xmlns="http://www.springframework.org/schema/beans"
       xmlns:xsi="http://www.w3.org/2001/XMLSchema-instance"
       xsi:schemaLocation="http://www.springframework.org/schema/beans http://www.springframework.org/schema/beans/spring-beans.xsd">

    <bean name="localRegistry" class="play.remotemock.util.RmiRegistry">
        <constructor-arg index="0" value="1199"/>
    </bean>

    <bean name="remoteRegistry" class="play.remotemock.util.RmiRegistry">
        <constructor-arg index="0" value="localhost"/>
        <constructor-arg index="1" value="1299"/>
    </bean>

    <bean name="mockFactory" class="play.remotemock.util.RemotableMockFactory">
        <constructor-arg index="0" ref="localRegistry"/>
        <constructor-arg index="1" ref="remoteRegistry"/>
    </bean>

    <bean name="mockMyService" factory-bean="mockFactory" factory-method="mockAndAttach" >
        <constructor-arg value="play.remotemockexample.MyService" />
        <constructor-arg value="MyService" />
    </bean>

</beans>