<?xml version="1.0" encoding="UTF-8" ?>
<testsuite failures="0" time="0.156" errors="0" skipped="0" tests="2" name="remotemock.TestMock">
  <properties>
    <property name="java.runtime.name" value="Java(TM) SE Runtime Environment"/>
    <property name="sun.boot.library.path" value="/opt/java/java-6-sun/jre/lib/i386"/>
    <property name="java.vm.version" value="20.6-b01"/>
    <property name="java.vm.vendor" value="Sun Microsystems Inc."/>
    <property name="java.vendor.url" value="http://java.sun.com/"/>
    <property name="path.separator" value=":"/>
    <property name="java.vm.name" value="Java HotSpot(TM) Server VM"/>
    <property name="file.encoding.pkg" value="sun.io"/>
    <property name="user.country" value="US"/>
    <property name="sun.java.launcher" value="SUN_STANDARD"/>
    <property name="sun.os.patch.level" value="unknown"/>
    <property name="java.vm.specification.name" value="Java Virtual Machine Specification"/>
    <property name="user.dir" value="/home/akpinarc/mySources/Play/baseline/service"/>
    <property name="java.runtime.version" value="1.6.0_31-b04"/>
    <property name="java.awt.graphicsenv" value="sun.awt.X11GraphicsEnvironment"/>
    <property name="basedir" value="/home/akpinarc/mySources/Play/baseline/service"/>
    <property name="java.endorsed.dirs" value="/opt/java/java-6-sun/jre/lib/endorsed"/>
    <property name="os.arch" value="i386"/>
    <property name="surefire.real.class.path" value="/tmp/surefirebooter6483127498926538906.jar"/>
    <property name="java.io.tmpdir" value="/tmp"/>
    <property name="line.separator" value="
"/>
    <property name="java.vm.specification.vendor" value="Sun Microsystems Inc."/>
    <property name="os.name" value="Linux"/>
    <property name="sun.jnu.encoding" value="UTF-8"/>
    <property name="java.library.path" value="/opt/java/java-6-sun/jre/lib/i386/server:/opt/java/java-6-sun/jre/lib/i386:/opt/java/java-6-sun/jre/../lib/i386:.::/usr/java/packages/lib/i386:/lib:/usr/lib"/>
    <property name="surefire.test.class.path" value="/home/akpinarc/mySources/Play/baseline/service/target/test-classes:/home/akpinarc/mySources/Play/baseline/service/target/classes:/home/akpinarc/.m2/repository/org/springframework/spring-web/3.1.1.RELEASE/spring-web-3.1.1.RELEASE.jar:/home/akpinarc/.m2/repository/aopalliance/aopalliance/1.0/aopalliance-1.0.jar:/home/akpinarc/.m2/repository/org/springframework/spring-beans/3.1.1.RELEASE/spring-beans-3.1.1.RELEASE.jar:/home/akpinarc/.m2/repository/org/springframework/spring-core/3.1.1.RELEASE/spring-core-3.1.1.RELEASE.jar:/home/akpinarc/.m2/repository/org/springframework/spring-asm/3.1.1.RELEASE/spring-asm-3.1.1.RELEASE.jar:/home/akpinarc/.m2/repository/commons-logging/commons-logging/1.1.1/commons-logging-1.1.1.jar:/home/akpinarc/.m2/repository/org/springframework/spring-context/3.1.1.RELEASE/spring-context-3.1.1.RELEASE.jar:/home/akpinarc/.m2/repository/org/springframework/spring-aop/3.1.1.RELEASE/spring-aop-3.1.1.RELEASE.jar:/home/akpinarc/.m2/repository/org/springframework/spring-expression/3.1.1.RELEASE/spring-expression-3.1.1.RELEASE.jar:/home/akpinarc/.m2/repository/org/springframework/spring-webmvc/3.1.1.RELEASE/spring-webmvc-3.1.1.RELEASE.jar:/home/akpinarc/.m2/repository/org/springframework/spring-context-support/3.1.1.RELEASE/spring-context-support-3.1.1.RELEASE.jar:/home/akpinarc/.m2/repository/org/codehaus/jackson/jackson-mapper-asl/1.9.7/jackson-mapper-asl-1.9.7.jar:/home/akpinarc/.m2/repository/org/codehaus/jackson/jackson-core-asl/1.9.7/jackson-core-asl-1.9.7.jar:/home/akpinarc/.m2/repository/junit/junit/4.10/junit-4.10.jar:/home/akpinarc/.m2/repository/org/hamcrest/hamcrest-core/1.1/hamcrest-core-1.1.jar:/home/akpinarc/.m2/repository/org/springframework/spring-test/3.1.1.RELEASE/spring-test-3.1.1.RELEASE.jar:/home/akpinarc/.m2/repository/org/springframework/spring-jdbc/3.1.1.RELEASE/spring-jdbc-3.1.1.RELEASE.jar:/home/akpinarc/.m2/repository/org/springframework/spring-tx/3.1.1.RELEASE/spring-tx-3.1.1.RELEASE.jar:/home/akpinarc/.m2/repository/org/mockito/mockito-core/1.9.0/mockito-core-1.9.0.jar:/home/akpinarc/.m2/repository/org/objenesis/objenesis/1.0/objenesis-1.0.jar:/home/akpinarc/.m2/repository/org/apache/commons/commons-lang3/3.1/commons-lang3-3.1.jar:/home/akpinarc/.m2/repository/cglib/cglib/2.2.2/cglib-2.2.2.jar:/home/akpinarc/.m2/repository/asm/asm/3.3.1/asm-3.3.1.jar:/home/akpinarc/.m2/repository/org/slf4j/slf4j-api/1.6.4/slf4j-api-1.6.4.jar:/home/akpinarc/.m2/repository/org/hsqldb/hsqldb/2.2.8/hsqldb-2.2.8.jar:"/>
    <property name="java.specification.name" value="Java Platform API Specification"/>
    <property name="java.class.version" value="50.0"/>
    <property name="sun.management.compiler" value="HotSpot Tiered Compilers"/>
    <property name="os.version" value="3.2.0-24-generic-pae"/>
    <property name="user.home" value="/home/akpinarc"/>
    <property name="user.timezone" value=""/>
    <property name="java.awt.printerjob" value="sun.print.PSPrinterJob"/>
    <property name="file.encoding" value="UTF-8"/>
    <property name="java.specification.version" value="1.6"/>
    <property name="user.name" value="akpinarc"/>
    <property name="java.class.path" value="/home/akpinarc/mySources/Play/baseline/service/target/test-classes:/home/akpinarc/mySources/Play/baseline/service/target/classes:/home/akpinarc/.m2/repository/org/springframework/spring-web/3.1.1.RELEASE/spring-web-3.1.1.RELEASE.jar:/home/akpinarc/.m2/repository/aopalliance/aopalliance/1.0/aopalliance-1.0.jar:/home/akpinarc/.m2/repository/org/springframework/spring-beans/3.1.1.RELEASE/spring-beans-3.1.1.RELEASE.jar:/home/akpinarc/.m2/repository/org/springframework/spring-core/3.1.1.RELEASE/spring-core-3.1.1.RELEASE.jar:/home/akpinarc/.m2/repository/org/springframework/spring-asm/3.1.1.RELEASE/spring-asm-3.1.1.RELEASE.jar:/home/akpinarc/.m2/repository/commons-logging/commons-logging/1.1.1/commons-logging-1.1.1.jar:/home/akpinarc/.m2/repository/org/springframework/spring-context/3.1.1.RELEASE/spring-context-3.1.1.RELEASE.jar:/home/akpinarc/.m2/repository/org/springframework/spring-aop/3.1.1.RELEASE/spring-aop-3.1.1.RELEASE.jar:/home/akpinarc/.m2/repository/org/springframework/spring-expression/3.1.1.RELEASE/spring-expression-3.1.1.RELEASE.jar:/home/akpinarc/.m2/repository/org/springframework/spring-webmvc/3.1.1.RELEASE/spring-webmvc-3.1.1.RELEASE.jar:/home/akpinarc/.m2/repository/org/springframework/spring-context-support/3.1.1.RELEASE/spring-context-support-3.1.1.RELEASE.jar:/home/akpinarc/.m2/repository/org/codehaus/jackson/jackson-mapper-asl/1.9.7/jackson-mapper-asl-1.9.7.jar:/home/akpinarc/.m2/repository/org/codehaus/jackson/jackson-core-asl/1.9.7/jackson-core-asl-1.9.7.jar:/home/akpinarc/.m2/repository/junit/junit/4.10/junit-4.10.jar:/home/akpinarc/.m2/repository/org/hamcrest/hamcrest-core/1.1/hamcrest-core-1.1.jar:/home/akpinarc/.m2/repository/org/springframework/spring-test/3.1.1.RELEASE/spring-test-3.1.1.RELEASE.jar:/home/akpinarc/.m2/repository/org/springframework/spring-jdbc/3.1.1.RELEASE/spring-jdbc-3.1.1.RELEASE.jar:/home/akpinarc/.m2/repository/org/springframework/spring-tx/3.1.1.RELEASE/spring-tx-3.1.1.RELEASE.jar:/home/akpinarc/.m2/repository/org/mockito/mockito-core/1.9.0/mockito-core-1.9.0.jar:/home/akpinarc/.m2/repository/org/objenesis/objenesis/1.0/objenesis-1.0.jar:/home/akpinarc/.m2/repository/org/apache/commons/commons-lang3/3.1/commons-lang3-3.1.jar:/home/akpinarc/.m2/repository/cglib/cglib/2.2.2/cglib-2.2.2.jar:/home/akpinarc/.m2/repository/asm/asm/3.3.1/asm-3.3.1.jar:/home/akpinarc/.m2/repository/org/slf4j/slf4j-api/1.6.4/slf4j-api-1.6.4.jar:/home/akpinarc/.m2/repository/org/hsqldb/hsqldb/2.2.8/hsqldb-2.2.8.jar:"/>
    <property name="java.vm.specification.version" value="1.0"/>
    <property name="sun.arch.data.model" value="32"/>
    <property name="java.home" value="/opt/java/java-6-sun/jre"/>
    <property name="sun.java.command" value="/tmp/surefirebooter6483127498926538906.jar /tmp/surefire6431378664773092369tmp /tmp/surefire615868528680497307tmp"/>
    <property name="java.specification.vendor" value="Sun Microsystems Inc."/>
    <property name="user.language" value="en"/>
    <property name="java.vm.info" value="mixed mode"/>
    <property name="java.version" value="1.6.0_31"/>
    <property name="java.ext.dirs" value="/opt/java/java-6-sun/jre/lib/ext:/usr/java/packages/lib/ext"/>
    <property name="sun.boot.class.path" value="/opt/java/java-6-sun/jre/lib/resources.jar:/opt/java/java-6-sun/jre/lib/rt.jar:/opt/java/java-6-sun/jre/lib/sunrsasign.jar:/opt/java/java-6-sun/jre/lib/jsse.jar:/opt/java/java-6-sun/jre/lib/jce.jar:/opt/java/java-6-sun/jre/lib/charsets.jar:/opt/java/java-6-sun/jre/lib/modules/jdk.boot.jar:/opt/java/java-6-sun/jre/classes"/>
    <property name="java.vendor" value="Sun Microsystems Inc."/>
    <property name="localRepository" value="/home/akpinarc/.m2/repository"/>
    <property name="file.separator" value="/"/>
    <property name="java.vendor.url.bug" value="http://java.sun.com/cgi-bin/bugreport.cgi"/>
    <property name="sun.cpu.endian" value="little"/>
    <property name="sun.io.unicode.encoding" value="UnicodeLittle"/>
    <property name="sun.desktop" value="gnome"/>
    <property name="sun.cpu.isalist" value=""/>
  </properties>
  <testcase time="0.012" classname="remotemock.TestMock" name="replace"/>
  <testcase time="0.045" classname="remotemock.TestMock" name="tt"/>
</testsuite>